<?xml version="1.0" encoding="UTF-8"?>
<testng-results skipped="0" failed="0" ignored="0" total="3" passed="3">
  <reporter-output>
  </reporter-output>
  <suite name="All Test Suite" duration-ms="57755" started-at="2021-06-03T20:46:40 IST" finished-at="2021-06-03T20:47:37 IST">
    <groups>
    </groups>
    <test name="Docker Test" duration-ms="57755" started-at="2021-06-03T20:46:40 IST" finished-at="2021-06-03T20:47:37 IST">
      <class name="org.example.ChromeTest2">
        <test-method status="PASS" signature="shouldAnswerWithTrue()[pri:0, instance:org.example.ChromeTest2@3a883ce7]" name="shouldAnswerWithTrue" duration-ms="10867" started-at="2021-06-03T20:47:04 IST" finished-at="2021-06-03T20:47:15 IST">
          <reporter-output>
          </reporter-output>
        </test-method> <!-- shouldAnswerWithTrue -->
      </class> <!-- org.example.ChromeTest2 -->
      <class name="org.example.ChromeTest3">
        <test-method status="PASS" signature="shouldAnswerWithTrue()[pri:0, instance:org.example.ChromeTest3@4973813a]" name="shouldAnswerWithTrue" duration-ms="6010" started-at="2021-06-03T20:47:15 IST" finished-at="2021-06-03T20:47:21 IST">
          <reporter-output>
          </reporter-output>
        </test-method> <!-- shouldAnswerWithTrue -->
      </class> <!-- org.example.ChromeTest3 -->
      <class name="org.example.ChromeTest1">
        <test-method status="PASS" signature="start()[pri:0, instance:org.example.ChromeTest1@6e6c3152]" name="start" is-config="true" duration-ms="24103" started-at="2021-06-03T20:46:40 IST" finished-at="2021-06-03T20:47:04 IST">
          <reporter-output>
          </reporter-output>
        </test-method> <!-- start -->
        <test-method status="PASS" signature="shouldAnswerWithTrue()[pri:0, instance:org.example.ChromeTest1@6e6c3152]" name="shouldAnswerWithTrue" duration-ms="12867" started-at="2021-06-03T20:47:04 IST" finished-at="2021-06-03T20:47:17 IST">
          <reporter-output>
          </reporter-output>
        </test-method> <!-- shouldAnswerWithTrue -->
        <test-method status="PASS" signature="stop()[pri:0, instance:org.example.ChromeTest1@6e6c3152]" name="stop" is-config="true" duration-ms="16746" started-at="2021-06-03T20:47:21 IST" finished-at="2021-06-03T20:47:37 IST">
          <reporter-output>
          </reporter-output>
        </test-method> <!-- stop -->
      </class> <!-- org.example.ChromeTest1 -->
    </test> <!-- Docker Test -->
  </suite> <!-- All Test Suite -->
</testng-results>
