<?xml version="1.0" encoding="UTF-8"?>
<!-- Generated by org.testng.reporters.JUnitXMLReporter -->
<testsuite hostname="LT-PF1T61GZ" ignored="0" name="Docker Test" tests="3" failures="0" timestamp="2021-06-03T20:47:37 IST" time="57.755" errors="0">
  <testcase name="shouldAnswerWithTrue" time="10.867" classname="org.example.ChromeTest2"/>
  <testcase name="shouldAnswerWithTrue" time="12.867" classname="org.example.ChromeTest1"/>
  <testcase name="shouldAnswerWithTrue" time="6.01" classname="org.example.ChromeTest3"/>
</testsuite> <!-- Docker Test -->
