<?xml version="1.0" encoding="UTF-8"?>
<!-- Generated by org.testng.reporters.JUnitXMLReporter -->
<testsuite hostname="LT-PF1T61GZ" ignored="0" name="Docker Test" tests="3" failures="0" timestamp="2021-06-03T20:14:11 IST" time="57.052" errors="0">
  <testcase name="shouldAnswerWithTrue" time="11.058" classname="org.example.ChromeTest2"/>
  <testcase name="shouldAnswerWithTrue" time="12.974" classname="org.example.ChromeTest1"/>
  <testcase name="shouldAnswerWithTrue" time="6.042" classname="org.example.ChromeTest3"/>
</testsuite> <!-- Docker Test -->
